<?xml version="1.0" encoding="UTF-8"?>
<testsuite xmlns:xsi="http://www.w3.org/2001/XMLSchema-instance" xsi:noNamespaceSchemaLocation="https://maven.apache.org/surefire/maven-surefire-plugin/xsd/surefire-test-report-3.0.xsd" version="3.0" name="com.devtoolkit.validation.EmailValidatorTest" time="0.026" tests="13" errors="0" skipped="0" failures="0">
  <properties>
[...]
</properties>
  <testcase name="extractDomain_valid" classname="com.devtoolkit.validation.EmailValidatorTest" time="0.002"/>
  <testcase name="isValid_plusTag" classname="com.devtoolkit.validation.EmailValidatorTest" time="0.002"/>
  <testcase name="isValid_subdomain" classname="com.devtoolkit.validation.EmailValidatorTest" time="0.002"/>
  <testcase name="extractDomain_invalid" classname="com.devtoolkit.validation.EmailValidatorTest" time="0.003"/>
  <testcase name="isValid_missingDomain" classname="com.devtoolkit.validation.EmailValidatorTest" time="0.001"/>
  <testcase name="isValid_missingAt" classname="com.devtoolkit.validation.EmailValidatorTest" time="0.001"/>
  <testcase name="isValid_standard" classname="com.devtoolkit.validation.EmailValidatorTest" time="0.001"/>
  <testcase name="isValid_doubleAt" classname="com.devtoolkit.validation.EmailValidatorTest" time="0.0"/>
  <testcase name="isValid_blank" classname="com.devtoolkit.validation.EmailValidatorTest" time="0.0"/>
  <testcase name="isValid_noTld" classname="com.devtoolkit.validation.EmailValidatorTest" time="0.001"/>
  <testcase name="extractLocalPart_valid" classname="com.devtoolkit.validation.EmailValidatorTest" time="0.0"/>
  <testcase name="isValid_dotsLocal" classname="com.devtoolkit.validation.EmailValidatorTest" time="0.001"/>
  <testcase name="isValid_null" classname="com.devtoolkit.validation.EmailValidatorTest" time="0.001"/>
</testsuite>